2023-05-05 19:52:24,540 [Worker-6: Loading available Gradle versions] INFO  o.e.b.c.i.u.g.PublishedGradleVersions - Gradle version information cache is up-to-date. Trying to read.
2023-05-05 19:58:41,269 [Worker-0: Import Getting Started Content] INFO  o.e.m.c.i.l.LifecycleMappingFactory - Using org.maven.ide.eclipse.wtp.WarLifecycleMapping lifecycle mapping for MavenProject: com.codingdojo:DaikichiPathVariables:0.0.1-SNAPSHOT @ C:\Users\14257\Documents\Java_Core_Assignments\DaikichiPathVariables\pom.xml.
2023-05-05 19:58:42,223 [Worker-0: Import Getting Started Content] INFO  o.e.m.j.i.AbstractJavaProjectConfigurator - Adding source folder /DaikichiPathVariables/src/main/java
2023-05-05 19:58:42,223 [Worker-0: Import Getting Started Content] INFO  o.e.m.j.i.AbstractJavaProjectConfigurator - Adding resource folder /DaikichiPathVariables/src/main/resources
2023-05-05 19:58:42,225 [Worker-0: Import Getting Started Content] INFO  o.e.m.j.i.AbstractJavaProjectConfigurator - Adding resource folder /DaikichiPathVariables/src/main/resources
2023-05-05 19:58:42,227 [Worker-0: Import Getting Started Content] INFO  o.e.m.j.i.AbstractJavaProjectConfigurator - Adding source folder /DaikichiPathVariables/src/test/java
2023-05-05 19:58:43,966 [Worker-0: Import Getting Started Content] INFO  o.e.m.c.i.p.ProjectConfigurationManager - Imported and configured 1 project(s) in 3 sec
2023-05-05 19:58:43,970 [Worker-0: Import Getting Started Content] INFO  o.e.m.c.i.p.ProjectConfigurationManager - Update started
2023-05-05 19:58:44,170 [Worker-0: Import Getting Started Content] INFO  o.e.m.c.i.l.LifecycleMappingFactory - Using org.maven.ide.eclipse.wtp.WarLifecycleMapping lifecycle mapping for MavenProject: com.codingdojo:DaikichiPathVariables:0.0.1-SNAPSHOT @ C:\Users\14257\Documents\Java_Core_Assignments\DaikichiPathVariables\pom.xml.
2023-05-05 19:58:44,552 [Worker-0: Import Getting Started Content] INFO  o.e.m.j.i.AbstractJavaProjectConfigurator - Adding source folder /DaikichiPathVariables/src/main/java
2023-05-05 19:58:44,552 [Worker-0: Import Getting Started Content] INFO  o.e.m.j.i.AbstractJavaProjectConfigurator - Adding resource folder /DaikichiPathVariables/src/main/resources
2023-05-05 19:58:44,553 [Worker-0: Import Getting Started Content] INFO  o.e.m.j.i.AbstractJavaProjectConfigurator - Adding resource folder /DaikichiPathVariables/src/main/resources
2023-05-05 19:58:44,555 [Worker-0: Import Getting Started Content] INFO  o.e.m.j.i.AbstractJavaProjectConfigurator - Adding source folder /DaikichiPathVariables/src/test/java
2023-05-05 19:58:45,167 [Worker-0: Import Getting Started Content] INFO  o.e.m.w.i.f.ResourceFilteringBuildParticipant - Cleaning filtered folder for DaikichiPathVariables
2023-05-05 19:58:45,189 [Worker-0: Import Getting Started Content] INFO  o.e.m.c.i.p.ProjectConfigurationManager - Update completed for 1 poms: local refresh takes 0.00 sec, refresh facades takes 0.00 sec, update config takes 0.00 sec 
2023-05-05 19:58:45,788 [Worker-15: Building] INFO  o.a.m.s.f.DefaultMavenResourcesFiltering - Copying 1 resource from src\main\resources to target\classes
2023-05-05 19:58:45,810 [Worker-15: Building] INFO  o.a.m.s.f.DefaultMavenResourcesFiltering - Copying 0 resource from src\main\resources to target\classes
2023-05-05 19:58:45,816 [Worker-15: Building] INFO  o.a.m.s.f.DefaultMavenResourcesFiltering - skip non existing resourceDirectory C:\Users\14257\Documents\Java_Core_Assignments\DaikichiPathVariables\src\test\resources
2023-05-05 19:58:45,817 [Worker-15: Building] INFO  o.e.m.w.i.f.ResourceFilteringBuildParticipant - Changed resources require a complete clean of filtered resources of DaikichiPathVariables
2023-05-05 19:58:45,818 [Worker-15: Building] INFO  o.e.m.w.i.f.ResourceFilteringBuildParticipant - Executing resource filtering for DaikichiPathVariables
2023-05-05 20:45:14,953 [Worker-26: Building] INFO  o.a.m.s.f.DefaultMavenResourcesFiltering - Copying 1 resource from src\main\resources to target\classes
2023-05-05 20:45:15,165 [Worker-26: Building] INFO  o.a.m.s.f.DefaultMavenResourcesFiltering - Copying 0 resource from src\main\resources to target\classes
2023-05-05 20:45:15,176 [Worker-26: Building] INFO  o.a.m.s.f.DefaultMavenResourcesFiltering - skip non existing resourceDirectory C:\Users\14257\Documents\Java_Core_Assignments\DaikichiPathVariables\src\test\resources
2023-05-05 20:48:53,894 [Worker-4: Loading available Gradle versions] INFO  o.e.b.c.i.u.g.PublishedGradleVersions - Gradle version information cache is up-to-date. Trying to read.
2023-05-05 20:58:25,407 [Worker-14: Building] INFO  o.a.m.s.f.DefaultMavenResourcesFiltering - Copying 1 resource from src\main\resources to target\classes
2023-05-05 20:58:25,434 [Worker-14: Building] INFO  o.a.m.s.f.DefaultMavenResourcesFiltering - Copying 0 resource from src\main\resources to target\classes
2023-05-05 20:58:25,440 [Worker-14: Building] INFO  o.a.m.s.f.DefaultMavenResourcesFiltering - skip non existing resourceDirectory C:\Users\14257\Documents\Java_Core_Assignments\DaikichiPathVariables\src\test\resources
2023-05-05 21:12:05,321 [Worker-18: Launching DaikichiPathVariables - DaikichiPathVariablesApplication] INFO  o.a.m.s.f.DefaultMavenResourcesFiltering - Copying 1 resource from src\main\resources to target\classes
2023-05-05 21:12:05,335 [Worker-18: Launching DaikichiPathVariables - DaikichiPathVariablesApplication] INFO  o.a.m.s.f.DefaultMavenResourcesFiltering - Copying 0 resource from src\main\resources to target\classes
2023-05-05 21:12:05,339 [Worker-18: Launching DaikichiPathVariables - DaikichiPathVariablesApplication] INFO  o.a.m.s.f.DefaultMavenResourcesFiltering - skip non existing resourceDirectory C:\Users\14257\Documents\Java_Core_Assignments\DaikichiPathVariables\src\test\resources
2023-05-05 21:18:33,823 [Worker-18: Launching DaikichiPathVariables - DaikichiPathVariablesApplication] INFO  o.a.m.s.f.DefaultMavenResourcesFiltering - Copying 1 resource from src\main\resources to target\classes
2023-05-05 21:18:33,841 [Worker-18: Launching DaikichiPathVariables - DaikichiPathVariablesApplication] INFO  o.a.m.s.f.DefaultMavenResourcesFiltering - Copying 0 resource from src\main\resources to target\classes
2023-05-05 21:18:33,856 [Worker-18: Launching DaikichiPathVariables - DaikichiPathVariablesApplication] INFO  o.a.m.s.f.DefaultMavenResourcesFiltering - skip non existing resourceDirectory C:\Users\14257\Documents\Java_Core_Assignments\DaikichiPathVariables\src\test\resources
2023-05-05 21:24:26,175 [Worker-30: Launching DaikichiPathVariables - DaikichiPathVariablesApplication] INFO  o.a.m.s.f.DefaultMavenResourcesFiltering - Copying 1 resource from src\main\resources to target\classes
2023-05-05 21:24:26,194 [Worker-30: Launching DaikichiPathVariables - DaikichiPathVariablesApplication] INFO  o.a.m.s.f.DefaultMavenResourcesFiltering - Copying 0 resource from src\main\resources to target\classes
2023-05-05 21:24:26,203 [Worker-30: Launching DaikichiPathVariables - DaikichiPathVariablesApplication] INFO  o.a.m.s.f.DefaultMavenResourcesFiltering - skip non existing resourceDirectory C:\Users\14257\Documents\Java_Core_Assignments\DaikichiPathVariables\src\test\resources
2023-05-05 21:25:51,069 [Worker-28: Launching DaikichiPathVariables - DaikichiPathVariablesApplication] INFO  o.a.m.s.f.DefaultMavenResourcesFiltering - Copying 1 resource from src\main\resources to target\classes
2023-05-05 21:25:51,084 [Worker-28: Launching DaikichiPathVariables - DaikichiPathVariablesApplication] INFO  o.a.m.s.f.DefaultMavenResourcesFiltering - Copying 0 resource from src\main\resources to target\classes
2023-05-05 21:25:51,087 [Worker-28: Launching DaikichiPathVariables - DaikichiPathVariablesApplication] INFO  o.a.m.s.f.DefaultMavenResourcesFiltering - skip non existing resourceDirectory C:\Users\14257\Documents\Java_Core_Assignments\DaikichiPathVariables\src\test\resources
2023-05-05 21:31:46,859 [Worker-27: Launching DaikichiPathVariables - DaikichiPathVariablesApplication] INFO  o.a.m.s.f.DefaultMavenResourcesFiltering - Copying 1 resource from src\main\resources to target\classes
2023-05-05 21:31:46,882 [Worker-27: Launching DaikichiPathVariables - DaikichiPathVariablesApplication] INFO  o.a.m.s.f.DefaultMavenResourcesFiltering - Copying 0 resource from src\main\resources to target\classes
2023-05-05 21:31:46,888 [Worker-27: Launching DaikichiPathVariables - DaikichiPathVariablesApplication] INFO  o.a.m.s.f.DefaultMavenResourcesFiltering - skip non existing resourceDirectory C:\Users\14257\Documents\Java_Core_Assignments\DaikichiPathVariables\src\test\resources
2023-05-05 21:37:43,628 [Worker-34: Launching DaikichiPathVariables - DaikichiPathVariablesApplication] INFO  o.a.m.s.f.DefaultMavenResourcesFiltering - Copying 1 resource from src\main\resources to target\classes
2023-05-05 21:37:43,642 [Worker-34: Launching DaikichiPathVariables - DaikichiPathVariablesApplication] INFO  o.a.m.s.f.DefaultMavenResourcesFiltering - Copying 0 resource from src\main\resources to target\classes
2023-05-05 21:37:43,646 [Worker-34: Launching DaikichiPathVariables - DaikichiPathVariablesApplication] INFO  o.a.m.s.f.DefaultMavenResourcesFiltering - skip non existing resourceDirectory C:\Users\14257\Documents\Java_Core_Assignments\DaikichiPathVariables\src\test\resources
2023-05-05 21:38:25,436 [Worker-37: Launching DaikichiPathVariables - DaikichiPathVariablesApplication] INFO  o.a.m.s.f.DefaultMavenResourcesFiltering - Copying 1 resource from src\main\resources to target\classes
2023-05-05 21:38:25,454 [Worker-37: Launching DaikichiPathVariables - DaikichiPathVariablesApplication] INFO  o.a.m.s.f.DefaultMavenResourcesFiltering - Copying 0 resource from src\main\resources to target\classes
2023-05-05 21:38:25,460 [Worker-37: Launching DaikichiPathVariables - DaikichiPathVariablesApplication] INFO  o.a.m.s.f.DefaultMavenResourcesFiltering - skip non existing resourceDirectory C:\Users\14257\Documents\Java_Core_Assignments\DaikichiPathVariables\src\test\resources
2023-05-05 21:43:09,937 [Worker-27: Launching DaikichiPathVariables - DaikichiPathVariablesApplication] INFO  o.a.m.s.f.DefaultMavenResourcesFiltering - Copying 1 resource from src\main\resources to target\classes
2023-05-05 21:43:09,954 [Worker-27: Launching DaikichiPathVariables - DaikichiPathVariablesApplication] INFO  o.a.m.s.f.DefaultMavenResourcesFiltering - Copying 0 resource from src\main\resources to target\classes
2023-05-05 21:43:09,958 [Worker-27: Launching DaikichiPathVariables - DaikichiPathVariablesApplication] INFO  o.a.m.s.f.DefaultMavenResourcesFiltering - skip non existing resourceDirectory C:\Users\14257\Documents\Java_Core_Assignments\DaikichiPathVariables\src\test\resources
2023-05-05 21:44:03,426 [Worker-38: Launching DaikichiPathVariables - DaikichiPathVariablesApplication] INFO  o.a.m.s.f.DefaultMavenResourcesFiltering - Copying 1 resource from src\main\resources to target\classes
